2024-06-12 16:15:19 0 [Note] Starting MariaDB 11.4.2-MariaDB source revision 3fca5ed772fb75e3e57c507edef2985f8eba5b12 as process 3596
2024-06-12 16:15:19 0 [Note] InnoDB: Compressed tables use zlib 1.3.1
2024-06-12 16:15:19 0 [Note] InnoDB: Number of transaction pools: 1
2024-06-12 16:15:19 0 [Note] InnoDB: Using crc32 + pclmulqdq instructions
2024-06-12 16:15:19 0 [Note] InnoDB: Initializing buffer pool, total size = 3.957GiB, chunk size = 63.312MiB
2024-06-12 16:15:19 0 [Note] InnoDB: Completed initialization of buffer pool
2024-06-12 16:15:19 0 [Note] InnoDB: File system buffers for log disabled (block size=512 bytes)
2024-06-12 16:15:19 0 [Note] InnoDB: Starting crash recovery from checkpoint LSN=199618
2024-06-12 16:15:19 0 [Note] InnoDB: End of log at LSN=657014
2024-06-12 16:15:19 0 [Note] InnoDB: To recover: 148 pages
2024-06-12 16:15:19 0 [Note] InnoDB: Opened 3 undo tablespaces
2024-06-12 16:15:19 0 [Note] InnoDB: 128 rollback segments in 3 undo tablespaces are active.
2024-06-12 16:15:19 0 [Note] InnoDB: Removed temporary tablespace data file: "./ibtmp1"
2024-06-12 16:15:19 0 [Note] InnoDB: Setting file './ibtmp1' size to 12.000MiB. Physically writing the file full; Please wait ...
2024-06-12 16:15:19 0 [Note] InnoDB: File './ibtmp1' size is now 12.000MiB.
2024-06-12 16:15:19 0 [Note] InnoDB: log sequence number 657014; transaction id 922
2024-06-12 16:15:19 0 [Note] InnoDB: Loading buffer pool(s) from C:\mini-server\DB_data\ib_buffer_pool
2024-06-12 16:15:19 0 [Note] Plugin 'FEEDBACK' is disabled.
2024-06-12 16:15:19 0 [Note] mysqld.exe: SSPI: using principal name 'localhost', mech 'Negotiate'
2024-06-12 16:15:19 0 [Note] InnoDB: Buffer pool(s) load completed at 240612 16:15:19
2024-06-12 16:15:19 0 [Note] Recovering after a crash using tc.log
2024-06-12 16:15:19 0 [Note] Starting table crash recovery...
2024-06-12 16:15:19 0 [Note] Crash table recovery finished.
2024-06-12 16:15:20 0 [Note] Server socket created on IP: '::'.
2024-06-12 16:15:20 0 [Note] Server socket created on IP: '0.0.0.0'.
2024-06-12 16:15:20 0 [Note] mysqld.exe: Event Scheduler: Loaded 0 events
2024-06-12 16:15:20 0 [Note] C:\Program Files\MariaDB 11.4\bin\mysqld.exe: ready for connections.
Version: '11.4.2-MariaDB'  socket: ''  port: 3306  mariadb.org binary distribution
2024-06-12 16:17:19 3 [Warning] Aborted connection 3 to db: 'tail45' user: 'root' host: 'localhost' (Got an error reading communication packets)
2024-06-12 16:17:54 4 [Warning] Aborted connection 4 to db: 'tail45' user: 'root' host: 'localhost' (Got an error reading communication packets)
2024-06-12 16:30:39 0 [Note] Windows service "Tail45":  received SERVICE_CONTROL_SHUTDOWN
2024-06-12 16:30:39 0 [Note] C:\Program Files\MariaDB 11.4\bin\mysqld.exe (initiated by: unknown): Normal shutdown
2024-06-12 16:30:39 0 [Note] InnoDB: FTS optimize thread exiting.
2024-06-12 16:30:39 0 [Note] InnoDB: Starting shutdown...
2024-06-12 16:30:39 0 [Note] InnoDB: Dumping buffer pool(s) to C:\mini-server\DB_data\ib_buffer_pool
2024-06-12 16:30:39 0 [Note] InnoDB: Buffer pool(s) dump completed at 240612 16:30:39
2024-06-12 16:30:39 0 [Note] InnoDB: Removed temporary tablespace data file: "./ibtmp1"
2024-06-12 16:30:39 0 [Note] InnoDB: Shutdown completed; log sequence number 657328; transaction id 923
2024-06-12 16:30:39 0 [Note] C:\Program Files\MariaDB 11.4\bin\mysqld.exe: Shutdown complete

2024-06-13 10:57:57 0 [Note] Starting MariaDB 11.4.2-MariaDB source revision 3fca5ed772fb75e3e57c507edef2985f8eba5b12 as process 3632
2024-06-13 10:57:57 0 [Note] InnoDB: Compressed tables use zlib 1.3.1
2024-06-13 10:57:57 0 [Note] InnoDB: Number of transaction pools: 1
2024-06-13 10:57:57 0 [Note] InnoDB: Using crc32 + pclmulqdq instructions
2024-06-13 10:57:57 0 [Note] InnoDB: Initializing buffer pool, total size = 3.957GiB, chunk size = 63.312MiB
2024-06-13 10:57:57 0 [Note] InnoDB: Completed initialization of buffer pool
2024-06-13 10:57:57 0 [Note] InnoDB: File system buffers for log disabled (block size=512 bytes)
2024-06-13 10:57:57 0 [Note] InnoDB: End of log at LSN=657328
2024-06-13 10:57:57 0 [Note] InnoDB: Opened 3 undo tablespaces
2024-06-13 10:57:57 0 [Note] InnoDB: 128 rollback segments in 3 undo tablespaces are active.
2024-06-13 10:57:57 0 [Note] InnoDB: Setting file './ibtmp1' size to 12.000MiB. Physically writing the file full; Please wait ...
2024-06-13 10:57:57 0 [Note] InnoDB: File './ibtmp1' size is now 12.000MiB.
2024-06-13 10:57:57 0 [Note] InnoDB: log sequence number 657328; transaction id 922
2024-06-13 10:57:57 0 [Note] InnoDB: Loading buffer pool(s) from C:\mini-server\DB_data\ib_buffer_pool
2024-06-13 10:57:57 0 [Note] Plugin 'FEEDBACK' is disabled.
2024-06-13 10:57:57 0 [Note] mysqld.exe: SSPI: using principal name 'localhost', mech 'Negotiate'
2024-06-13 10:57:57 0 [Note] InnoDB: Buffer pool(s) load completed at 240613 10:57:57
2024-06-13 10:57:57 0 [Note] Server socket created on IP: '::'.
2024-06-13 10:57:57 0 [Note] Server socket created on IP: '0.0.0.0'.
2024-06-13 10:57:57 0 [Note] mysqld.exe: Event Scheduler: Loaded 0 events
2024-06-13 10:57:57 0 [Note] C:\Program Files\MariaDB 11.4\bin\mysqld.exe: ready for connections.
Version: '11.4.2-MariaDB'  socket: ''  port: 3306  mariadb.org binary distribution
2024-06-13 11:13:05 3 [Warning] Aborted connection 3 to db: 'tail45' user: 'root' host: 'localhost' (Got an error reading communication packets)
2024-06-13 11:32:31 4 [Warning] Aborted connection 4 to db: 'tail45' user: 'root' host: 'localhost' (Got an error reading communication packets)
2024-06-13 11:33:47 5 [Warning] Aborted connection 5 to db: 'tail45' user: 'root' host: 'localhost' (Got an error reading communication packets)
2024-06-13 11:34:00 6 [Warning] Aborted connection 6 to db: 'tail45' user: 'root' host: 'localhost' (Got an error reading communication packets)
2024-06-13 11:36:25 7 [Warning] Aborted connection 7 to db: 'tail45' user: 'root' host: 'localhost' (Got an error reading communication packets)
2024-06-13 11:47:16 8 [Warning] Aborted connection 8 to db: 'tail45' user: 'root' host: 'localhost' (Got an error reading communication packets)
2024-06-13 11:52:46 10 [Warning] Aborted connection 10 to db: 'unconnected' user: 'unauthenticated' host: 'azpdwsb15.stretchoid.com' (This connection closed normally without authentication)
2024-06-13 11:53:42 9 [Warning] Aborted connection 9 to db: 'tail45' user: 'root' host: 'localhost' (Got an error reading communication packets)
2024-06-13 12:08:33 12 [Warning] Aborted connection 12 to db: 'unconnected' user: 'unauthenticated' host: 'scan-40j.shadowserver.org' (This connection closed normally without authentication)
2024-06-13 12:30:14 13 [Warning] IP address '175.214.82.175' could not be resolved: 알려진 호스트가 없습니다. 
2024-06-13 12:30:14 14 [Warning] IP address '175.214.82.175' could not be resolved: 알려진 호스트가 없습니다. 
2024-06-13 12:30:14 13 [Warning] Aborted connection 13 to db: 'unconnected' user: 'unauthenticated' host: '175.214.82.175' (This connection closed normally without authentication)
2024-06-13 12:30:14 14 [Warning] Aborted connection 14 to db: 'unconnected' user: 'unauthenticated' host: '175.214.82.175' (This connection closed normally without authentication)
2024-06-13 13:14:45 11 [Warning] Aborted connection 11 to db: 'tail45' user: 'root' host: 'localhost' (Got an error reading communication packets)
2024-06-13 13:18:34 15 [Warning] Aborted connection 15 to db: 'tail45' user: 'root' host: 'localhost' (Got an error reading communication packets)
2024-06-13 14:27:31 0 [Note] Windows service "Tail45":  received SERVICE_CONTROL_SHUTDOWN
2024-06-13 14:27:31 0 [Note] C:\Program Files\MariaDB 11.4\bin\mysqld.exe (initiated by: unknown): Normal shutdown
2024-06-13 14:27:31 0 [Note] InnoDB: FTS optimize thread exiting.
2024-06-13 14:27:31 0 [Note] InnoDB: Starting shutdown...
2024-06-13 14:27:31 0 [Note] InnoDB: Dumping buffer pool(s) to C:\mini-server\DB_data\ib_buffer_pool
2024-06-13 14:27:31 0 [Note] InnoDB: Buffer pool(s) dump completed at 240613 14:27:31
2024-06-13 14:27:31 0 [Note] InnoDB: Removed temporary tablespace data file: "./ibtmp1"
2024-06-13 14:27:31 0 [Note] InnoDB: Shutdown completed; log sequence number 659792; transaction id 939
2024-06-13 14:27:31 0 [Note] C:\Program Files\MariaDB 11.4\bin\mysqld.exe: Shutdown complete

2024-06-13 15:33:11 0 [Note] Starting MariaDB 11.4.2-MariaDB source revision 3fca5ed772fb75e3e57c507edef2985f8eba5b12 as process 3700
2024-06-13 15:33:11 0 [Note] InnoDB: Compressed tables use zlib 1.3.1
2024-06-13 15:33:11 0 [Note] InnoDB: Number of transaction pools: 1
2024-06-13 15:33:11 0 [Note] InnoDB: Using crc32 + pclmulqdq instructions
2024-06-13 15:33:11 0 [Note] InnoDB: Initializing buffer pool, total size = 3.957GiB, chunk size = 63.312MiB
2024-06-13 15:33:11 0 [Note] InnoDB: Completed initialization of buffer pool
2024-06-13 15:33:11 0 [Note] InnoDB: File system buffers for log disabled (block size=512 bytes)
2024-06-13 15:33:11 0 [Note] InnoDB: End of log at LSN=659792
2024-06-13 15:33:11 0 [Note] InnoDB: Opened 3 undo tablespaces
2024-06-13 15:33:11 0 [Note] InnoDB: 128 rollback segments in 3 undo tablespaces are active.
2024-06-13 15:33:11 0 [Note] InnoDB: Setting file './ibtmp1' size to 12.000MiB. Physically writing the file full; Please wait ...
2024-06-13 15:33:11 0 [Note] InnoDB: File './ibtmp1' size is now 12.000MiB.
2024-06-13 15:33:11 0 [Note] InnoDB: log sequence number 659792; transaction id 940
2024-06-13 15:33:11 0 [Note] InnoDB: Loading buffer pool(s) from C:\mini-server\DB_data\ib_buffer_pool
2024-06-13 15:33:11 0 [Note] Plugin 'FEEDBACK' is disabled.
2024-06-13 15:33:11 0 [Note] mysqld.exe: SSPI: using principal name 'localhost', mech 'Negotiate'
2024-06-13 15:33:11 0 [Note] InnoDB: Buffer pool(s) load completed at 240613 15:33:11
2024-06-13 15:33:12 0 [Note] Server socket created on IP: '::'.
2024-06-13 15:33:12 0 [Note] Server socket created on IP: '0.0.0.0'.
2024-06-13 15:33:12 0 [Note] mysqld.exe: Event Scheduler: Loaded 0 events
2024-06-13 15:33:12 0 [Note] C:\Program Files\MariaDB 11.4\bin\mysqld.exe: ready for connections.
Version: '11.4.2-MariaDB'  socket: ''  port: 3306  mariadb.org binary distribution
2024-06-13 15:39:14 3 [Warning] Aborted connection 3 to db: 'tail45' user: 'root' host: 'localhost' (Got an error reading communication packets)
2024-06-13 15:42:40 4 [Warning] Aborted connection 4 to db: 'tail45' user: 'root' host: 'localhost' (Got an error reading communication packets)
2024-06-13 15:46:50 6 [Warning] Host name 'lux.lusobits.com' could not be resolved: 호스트 이름을 확인하는 동안 로컬 서버가 신뢰할 만한 서버에서 응답을 받지 못해 발생한 일시적인 오류입니다. 
2024-06-13 15:46:50 6 [Warning] Aborted connection 6 to db: 'unconnected' user: 'unauthenticated' host: '92.223.89.55' (This connection closed normally without authentication)
2024-06-13 16:05:25 5 [Warning] Aborted connection 5 to db: 'tail45' user: 'root' host: 'localhost' (Got an error reading communication packets)
2024-06-13 16:05:26 0 [Note] Windows service "Tail45":  received SERVICE_CONTROL_SHUTDOWN
2024-06-13 16:05:26 0 [Note] C:\Program Files\MariaDB 11.4\bin\mysqld.exe (initiated by: unknown): Normal shutdown
2024-06-13 16:05:26 0 [Note] InnoDB: FTS optimize thread exiting.
2024-06-13 16:05:26 0 [Note] InnoDB: Starting shutdown...
2024-06-13 16:05:26 0 [Note] InnoDB: Dumping buffer pool(s) to C:\mini-server\DB_data\ib_buffer_pool
2024-06-13 16:05:26 0 [Note] InnoDB: Buffer pool(s) dump completed at 240613 16:05:26
2024-06-13 16:05:26 0 [Note] InnoDB: Removed temporary tablespace data file: "./ibtmp1"
2024-06-13 16:05:26 0 [Note] InnoDB: Shutdown completed; log sequence number 660895; transaction id 948
2024-06-13 16:05:26 0 [Note] C:\Program Files\MariaDB 11.4\bin\mysqld.exe: Shutdown complete

2024-06-14 11:29:51 0 [Note] Starting MariaDB 11.4.2-MariaDB source revision 3fca5ed772fb75e3e57c507edef2985f8eba5b12 as process 3772
2024-06-14 11:29:51 0 [Note] InnoDB: Compressed tables use zlib 1.3.1
2024-06-14 11:29:51 0 [Note] InnoDB: Number of transaction pools: 1
2024-06-14 11:29:51 0 [Note] InnoDB: Using crc32 + pclmulqdq instructions
2024-06-14 11:29:51 0 [Note] InnoDB: Initializing buffer pool, total size = 3.957GiB, chunk size = 63.312MiB
2024-06-14 11:29:51 0 [Note] InnoDB: Completed initialization of buffer pool
2024-06-14 11:29:51 0 [Note] InnoDB: File system buffers for log disabled (block size=512 bytes)
2024-06-14 11:29:51 0 [Note] InnoDB: End of log at LSN=660895
2024-06-14 11:29:51 0 [Note] InnoDB: Opened 3 undo tablespaces
2024-06-14 11:29:51 0 [Note] InnoDB: 128 rollback segments in 3 undo tablespaces are active.
2024-06-14 11:29:51 0 [Note] InnoDB: Setting file './ibtmp1' size to 12.000MiB. Physically writing the file full; Please wait ...
2024-06-14 11:29:51 0 [Note] InnoDB: File './ibtmp1' size is now 12.000MiB.
2024-06-14 11:29:51 0 [Note] InnoDB: log sequence number 660895; transaction id 949
2024-06-14 11:29:51 0 [Note] InnoDB: Loading buffer pool(s) from C:\mini-server\DB_data\ib_buffer_pool
2024-06-14 11:29:51 0 [Note] Plugin 'FEEDBACK' is disabled.
2024-06-14 11:29:51 0 [Note] mysqld.exe: SSPI: using principal name 'localhost', mech 'Negotiate'
2024-06-14 11:29:51 0 [Note] InnoDB: Buffer pool(s) load completed at 240614 11:29:51
2024-06-14 11:29:52 0 [Note] Server socket created on IP: '::'.
2024-06-14 11:29:52 0 [Note] Server socket created on IP: '0.0.0.0'.
2024-06-14 11:29:52 0 [Note] mysqld.exe: Event Scheduler: Loaded 0 events
2024-06-14 11:29:52 0 [Note] C:\Program Files\MariaDB 11.4\bin\mysqld.exe: ready for connections.
Version: '11.4.2-MariaDB'  socket: ''  port: 3306  mariadb.org binary distribution
2024-06-14 11:32:37 3 [Warning] Aborted connection 3 to db: 'tail45' user: 'root' host: 'localhost' (Got an error reading communication packets)
2024-06-14 12:26:53 5 [Warning] IP address '34.76.96.55' has been resolved to the host name '55.96.76.34.bc.googleusercontent.com', which resembles IPv4-address itself.
2024-06-14 12:26:53 5 [Warning] Aborted connection 5 to db: 'unconnected' user: 'unauthenticated' host: '34.76.96.55' (This connection closed normally without authentication)
2024-06-14 13:01:23 6 [Warning] IP address '106.240.246.130' could not be resolved: 알려진 호스트가 없습니다. 
2024-06-14 13:01:23 6 [Warning] Aborted connection 6 to db: 'unconnected' user: 'unauthenticated' host: '106.240.246.130' (This connection closed normally without authentication)
2024-06-14 13:01:23 7 [Warning] Aborted connection 7 to db: 'unconnected' user: 'unauthenticated' host: '106.240.246.130' (This connection closed normally without authentication)
2024-06-14 13:01:38 8 [Warning] IP address '175.214.82.175' could not be resolved: 알려진 호스트가 없습니다. 
2024-06-14 13:01:38 8 [Warning] Aborted connection 8 to db: 'unconnected' user: 'unauthenticated' host: '175.214.82.175' (This connection closed normally without authentication)
2024-06-14 13:01:38 9 [Warning] Aborted connection 9 to db: 'unconnected' user: 'unauthenticated' host: '175.214.82.175' (This connection closed normally without authentication)
2024-06-14 13:23:14 10 [Warning] IP address '221.152.140.104' could not be resolved: 알려진 호스트가 없습니다. 
2024-06-14 13:23:14 10 [Warning] Aborted connection 10 to db: 'unconnected' user: 'unauthenticated' host: '221.152.140.104' (This connection closed normally without authentication)
2024-06-14 13:23:14 11 [Warning] Aborted connection 11 to db: 'unconnected' user: 'unauthenticated' host: '221.152.140.104' (This connection closed normally without authentication)
2024-06-14 15:21:03 12 [Warning] IP address '119.193.154.224' could not be resolved: 알려진 호스트가 없습니다. 
2024-06-14 15:21:03 12 [Warning] Aborted connection 12 to db: 'unconnected' user: 'unauthenticated' host: '119.193.154.224' (This connection closed normally without authentication)
2024-06-14 15:21:03 13 [Warning] Aborted connection 13 to db: 'unconnected' user: 'unauthenticated' host: '119.193.154.224' (This connection closed normally without authentication)
2024-06-14 16:27:49 14 [Warning] IP address '221.158.86.16' could not be resolved: 알려진 호스트가 없습니다. 
2024-06-14 16:27:49 14 [Warning] Aborted connection 14 to db: 'unconnected' user: 'unauthenticated' host: '221.158.86.16' (This connection closed normally without authentication)
2024-06-14 16:34:55 15 [Warning] Host name 'unn-156-146-40-206.cdn77.com' could not be resolved: 알려진 호스트가 없습니다. 
2024-06-14 16:34:55 15 [Warning] Aborted connection 15 to db: 'unconnected' user: 'unauthenticated' host: '156.146.40.206' (This connection closed normally without authentication)
2024-06-14 18:36:55 16 [Warning] Aborted connection 16 to db: 'unconnected' user: 'unauthenticated' host: 'azpdsg9.stretchoid.com' (This connection closed normally without authentication)
2024-06-14 19:02:18 4 [Warning] Aborted connection 4 to db: 'tail45' user: 'root' host: 'localhost' (Got an error reading communication packets)
2024-06-14 19:03:05 17 [Warning] Aborted connection 17 to db: 'tail45' user: 'root' host: 'localhost' (Got an error reading communication packets)
2024-06-14 19:04:43 18 [Warning] Aborted connection 18 to db: 'tail45' user: 'root' host: 'localhost' (Got an error reading communication packets)
2024-06-14 19:05:35 19 [Warning] Aborted connection 19 to db: 'tail45' user: 'root' host: 'localhost' (Got an error reading communication packets)
2024-06-14 19:07:24 20 [Warning] Aborted connection 20 to db: 'tail45' user: 'root' host: 'localhost' (Got an error reading communication packets)
2024-06-14 19:10:10 21 [Warning] Aborted connection 21 to db: 'tail45' user: 'root' host: 'localhost' (Got an error reading communication packets)
2024-06-14 19:14:13 22 [Warning] Aborted connection 22 to db: 'tail45' user: 'root' host: 'localhost' (Got an error reading communication packets)
2024-06-14 19:15:25 24 [Warning] Host name 'scanner-01.fr7.censys-scanner.com' could not be resolved: 알려진 호스트가 없습니다. 
2024-06-14 19:15:25 24 [Warning] Aborted connection 24 to db: 'unconnected' user: 'unauthenticated' host: '167.94.145.100' (This connection closed normally without authentication)
2024-06-14 19:19:42 23 [Warning] Aborted connection 23 to db: 'tail45' user: 'root' host: 'localhost' (Got an error reading communication packets)
2024-06-14 19:24:46 25 [Warning] Aborted connection 25 to db: 'tail45' user: 'root' host: 'localhost' (Got an error reading communication packets)
2024-06-14 19:28:05 26 [Warning] Aborted connection 26 to db: 'tail45' user: 'root' host: 'localhost' (Got an error reading communication packets)
2024-06-14 19:37:06 27 [Warning] Aborted connection 27 to db: 'tail45' user: 'root' host: 'localhost' (Got an error reading communication packets)
2024-06-14 19:41:01 29 [Warning] IP address '46.8.246.139' could not be resolved: 알려진 호스트가 없습니다. 
2024-06-14 19:41:01 29 [Warning] Aborted connection 29 to db: 'unconnected' user: 'unauthenticated' host: '46.8.246.139' (This connection closed normally without authentication)
2024-06-14 19:41:14 28 [Warning] Aborted connection 28 to db: 'tail45' user: 'root' host: 'localhost' (Got an error reading communication packets)
2024-06-14 19:47:28 30 [Warning] Aborted connection 30 to db: 'tail45' user: 'root' host: 'localhost' (Got an error reading communication packets)
2024-06-14 19:52:56 31 [Warning] Aborted connection 31 to db: 'tail45' user: 'root' host: 'localhost' (Got an error reading communication packets)
2024-06-14 20:00:28 32 [Warning] Aborted connection 32 to db: 'tail45' user: 'root' host: 'localhost' (Got an error reading communication packets)
2024-06-14 20:03:09 0 [Note] Windows service "Tail45":  received SERVICE_CONTROL_SHUTDOWN
2024-06-14 20:03:09 0 [Note] C:\Program Files\MariaDB 11.4\bin\mysqld.exe (initiated by: unknown): Normal shutdown
2024-06-14 20:03:09 0 [Note] InnoDB: FTS optimize thread exiting.
2024-06-14 20:03:09 0 [Note] InnoDB: Starting shutdown...
2024-06-14 20:03:09 0 [Note] InnoDB: Dumping buffer pool(s) to C:\mini-server\DB_data\ib_buffer_pool
2024-06-14 20:03:09 0 [Note] InnoDB: Buffer pool(s) dump completed at 240614 20:03:09
2024-06-14 20:03:09 0 [Note] InnoDB: Removed temporary tablespace data file: "./ibtmp1"
2024-06-14 20:03:09 0 [Note] InnoDB: Shutdown completed; log sequence number 669161; transaction id 995
2024-06-14 20:03:09 0 [Note] C:\Program Files\MariaDB 11.4\bin\mysqld.exe: Shutdown complete

2024-06-17 11:43:24 0 [Note] Starting MariaDB 11.4.2-MariaDB source revision 3fca5ed772fb75e3e57c507edef2985f8eba5b12 as process 3884
2024-06-17 11:43:24 0 [Note] InnoDB: Compressed tables use zlib 1.3.1
2024-06-17 11:43:24 0 [Note] InnoDB: Number of transaction pools: 1
2024-06-17 11:43:24 0 [Note] InnoDB: Using crc32 + pclmulqdq instructions
2024-06-17 11:43:24 0 [Note] InnoDB: Initializing buffer pool, total size = 3.957GiB, chunk size = 63.312MiB
2024-06-17 11:43:24 0 [Note] InnoDB: Completed initialization of buffer pool
2024-06-17 11:43:24 0 [Note] InnoDB: File system buffers for log disabled (block size=512 bytes)
2024-06-17 11:43:24 0 [Note] InnoDB: End of log at LSN=669161
2024-06-17 11:43:24 0 [Note] InnoDB: Opened 3 undo tablespaces
2024-06-17 11:43:24 0 [Note] InnoDB: 128 rollback segments in 3 undo tablespaces are active.
2024-06-17 11:43:24 0 [Note] InnoDB: Setting file './ibtmp1' size to 12.000MiB. Physically writing the file full; Please wait ...
2024-06-17 11:43:24 0 [Note] InnoDB: File './ibtmp1' size is now 12.000MiB.
2024-06-17 11:43:24 0 [Note] InnoDB: log sequence number 669161; transaction id 996
2024-06-17 11:43:24 0 [Note] InnoDB: Loading buffer pool(s) from C:\mini-server\DB_data\ib_buffer_pool
2024-06-17 11:43:24 0 [Note] Plugin 'FEEDBACK' is disabled.
2024-06-17 11:43:24 0 [Note] mysqld.exe: SSPI: using principal name 'localhost', mech 'Negotiate'
2024-06-17 11:43:24 0 [Note] InnoDB: Buffer pool(s) load completed at 240617 11:43:24
2024-06-17 11:43:24 0 [Note] Server socket created on IP: '::'.
2024-06-17 11:43:24 0 [Note] Server socket created on IP: '0.0.0.0'.
2024-06-17 11:43:24 0 [Note] mysqld.exe: Event Scheduler: Loaded 0 events
2024-06-17 11:43:24 0 [Note] C:\Program Files\MariaDB 11.4\bin\mysqld.exe: ready for connections.
Version: '11.4.2-MariaDB'  socket: ''  port: 3306  mariadb.org binary distribution
2024-06-17 11:43:59 3 [Warning] Aborted connection 3 to db: 'tail45' user: 'root' host: 'localhost' (Got an error reading communication packets)
2024-06-17 13:51:48 5 [Warning] IP address '115.22.105.216' could not be resolved: 알려진 호스트가 없습니다. 
2024-06-17 13:51:48 5 [Warning] Aborted connection 5 to db: 'unconnected' user: 'unauthenticated' host: '115.22.105.216' (This connection closed normally without authentication)
2024-06-17 13:56:04 6 [Warning] IP address '175.214.82.175' could not be resolved: 알려진 호스트가 없습니다. 
2024-06-17 13:56:04 7 [Warning] IP address '175.214.82.175' could not be resolved: 알려진 호스트가 없습니다. 
2024-06-17 13:56:04 6 [Warning] Aborted connection 6 to db: 'unconnected' user: 'unauthenticated' host: '175.214.82.175' (This connection closed normally without authentication)
2024-06-17 13:56:04 7 [Warning] Aborted connection 7 to db: 'unconnected' user: 'unauthenticated' host: '175.214.82.175' (This connection closed normally without authentication)
